   1               		.file	"main.c"
   2               	__SP_H__ = 0x3e
   3               	__SP_L__ = 0x3d
   4               	__SREG__ = 0x3f
   5               	__tmp_reg__ = 0
   6               	__zero_reg__ = 1
   7               		.text
   8               	.Ltext0:
   9               		.cfi_sections	.debug_frame
  10               	.global	system_sleep
  12               	system_sleep:
  13               	.LFB6:
  14               		.file 1 "setup.c"
   1:setup.c       **** /*
   2:setup.c       ****  LiPo Battery Gauge
   3:setup.c       ****  Version: 1.2a
   4:setup.c       ****  Author: Alex from insideGadgets (http://www.insidegadgets.com)
   5:setup.c       ****  Created: 13/10/2019
   6:setup.c       ****  Last Modified: 30/11/2019
   7:setup.c       ****  changed ADC values for 300k resistor -makho
   8:setup.c       **** 
   9:setup.c       ****  */
  10:setup.c       ****  
  11:setup.c       **** #ifndef cbi
  12:setup.c       **** #define cbi(sfr, bit) (_SFR_BYTE(sfr) &= ~_BV(bit))
  13:setup.c       **** #endif
  14:setup.c       **** #ifndef sbi
  15:setup.c       **** #define sbi(sfr, bit) (_SFR_BYTE(sfr) |= _BV(bit))
  16:setup.c       **** #endif
  17:setup.c       **** 
  18:setup.c       **** #ifndef NULL
  19:setup.c       **** #define NULL ((void *)0)
  20:setup.c       **** #endif
  21:setup.c       **** 
  22:setup.c       **** #define LOW 0
  23:setup.c       **** #define HIGH 1
  24:setup.c       **** #define false 0
  25:setup.c       **** #define true 1
  26:setup.c       **** 
  27:setup.c       **** // Watchdog timeouts to values
  28:setup.c       **** #define T16MS 0
  29:setup.c       **** #define T32MS 1
  30:setup.c       **** #define T64MS 2
  31:setup.c       **** #define T128MS 3
  32:setup.c       **** #define T250MS 4
  33:setup.c       **** #define T500MS 5
  34:setup.c       **** #define T1S 6
  35:setup.c       **** #define T2S 7
  36:setup.c       **** #define T4S 8
  37:setup.c       **** #define T8S 9
  38:setup.c       **** 
  39:setup.c       **** #define POWER_ON_PIN PD4
  40:setup.c       **** #define batteryADCPin 3
  41:setup.c       **** #define LED1 PD0
  42:setup.c       **** #define LED2 PD1
  43:setup.c       **** #define LED3 PD2
  44:setup.c       **** #define LED4 PD3
  45:setup.c       **** #define LED5 PB7
  46:setup.c       **** #define LED6 PD5
  47:setup.c       **** #define LED7 PD6
  48:setup.c       **** #define LED8 PD7
  49:setup.c       **** #define LED9 PB0
  50:setup.c       **** #define LED10 PB1
  51:setup.c       **** 
  52:setup.c       **** // ADC Refs
  53:setup.c       **** #define REF_1_1V 0
  54:setup.c       **** #define REF_AVCC 1
  55:setup.c       **** 
  56:setup.c       **** #define DELAY_TIME 50
  57:setup.c       **** 
  58:setup.c       **** // Sleep
  59:setup.c       **** void system_sleep(void) {
  15               		.loc 1 59 0
  16               		.cfi_startproc
  17               	/* prologue: function */
  18               	/* frame size = 0 */
  19               	/* stack size = 0 */
  20               	.L__stack_usage = 0
  60:setup.c       **** 	set_sleep_mode(SLEEP_MODE_PWR_DOWN); // Set sleep mode
  21               		.loc 1 60 0
  22 0000 83B7      		in r24,0x33
  23 0002 897F      		andi r24,lo8(-7)
  24 0004 8460      		ori r24,lo8(4)
  25 0006 83BF      		out 0x33,r24
  61:setup.c       **** 	sleep_mode(); // System sleeps here
  26               		.loc 1 61 0
  27 0008 83B7      		in r24,0x33
  28 000a 8160      		ori r24,lo8(1)
  29 000c 83BF      		out 0x33,r24
  30               	/* #APP */
  31               	 ;  61 "setup.c" 1
  32 000e 8895      		sleep
  33               		
  34               	 ;  0 "" 2
  35               	/* #NOAPP */
  36 0010 83B7      		in r24,0x33
  37 0012 8E7F      		andi r24,lo8(-2)
  38 0014 83BF      		out 0x33,r24
  39 0016 0895      		ret
  40               		.cfi_endproc
  41               	.LFE6:
  43               	.global	setup_watchdog
  45               	setup_watchdog:
  46               	.LFB7:
  62:setup.c       **** }
  63:setup.c       **** 
  64:setup.c       **** // Setup watchdog timed sequence
  65:setup.c       **** void setup_watchdog(uint8_t wdDelay) {
  47               		.loc 1 65 0
  48               		.cfi_startproc
  49               	.LVL0:
  50               	/* prologue: function */
  51               	/* frame size = 0 */
  52               	/* stack size = 0 */
  53               	.L__stack_usage = 0
  54 0018 8A30      		cpi r24,lo8(10)
  55 001a 00F0      		brlo .L3
  56 001c 89E0      		ldi r24,lo8(9)
  57               	.LVL1:
  58               	.L3:
  66:setup.c       **** 	if (wdDelay > 9) { 
  67:setup.c       **** 		wdDelay = 9;
  68:setup.c       **** 	}
  69:setup.c       **** 	
  70:setup.c       **** 	uint8_t bb = wdDelay & 7;
  59               		.loc 1 70 0
  60 001e 982F      		mov r25,r24
  61 0020 9770      		andi r25,lo8(7)
  62               	.LVL2:
  71:setup.c       **** 	if (wdDelay > 7) { 
  63               		.loc 1 71 0
  64 0022 8830      		cpi r24,lo8(8)
  65 0024 00F0      		brlo .L4
  72:setup.c       **** 		bb |= (1<<5);
  66               		.loc 1 72 0
  67 0026 9062      		ori r25,lo8(32)
  68               	.LVL3:
  69               	.L4:
  73:setup.c       **** 	}
  74:setup.c       **** 	
  75:setup.c       **** 	cli(); // Turn interrupts off
  70               		.loc 1 75 0
  71               	/* #APP */
  72               	 ;  75 "setup.c" 1
  73 0028 F894      		cli
  74               	 ;  0 "" 2
  76:setup.c       **** 	asm("WDR");
  75               		.loc 1 76 0
  76               	 ;  76 "setup.c" 1
  77 002a A895      		WDR
  78               	 ;  0 "" 2
  77:setup.c       **** 	
  78:setup.c       **** 	MCUSR &= ~(1<<WDRF);
  79               		.loc 1 78 0
  80               	/* #NOAPP */
  81 002c 84B7      		in r24,0x34
  82 002e 877F      		andi r24,lo8(-9)
  83 0030 84BF      		out 0x34,r24
  79:setup.c       **** 	// Start timed sequence
  80:setup.c       **** 	WDTCSR |= (1<<WDCE) | (1<<WDE);
  84               		.loc 1 80 0
  85 0032 8091 6000 		lds r24,96
  86 0036 8861      		ori r24,lo8(24)
  87 0038 8093 6000 		sts 96,r24
  81:setup.c       **** 	// Set new watchdog timeout value
  82:setup.c       **** 	WDTCSR = bb | (1<<WDIE);
  88               		.loc 1 82 0
  89 003c 9064      		ori r25,lo8(64)
  90               	.LVL4:
  91 003e 9093 6000 		sts 96,r25
  83:setup.c       **** 	
  84:setup.c       **** 	sei(); // Turn interrupts back on
  92               		.loc 1 84 0
  93               	/* #APP */
  94               	 ;  84 "setup.c" 1
  95 0042 7894      		sei
  96               	 ;  0 "" 2
  97               	/* #NOAPP */
  98 0044 0895      		ret
  99               		.cfi_endproc
 100               	.LFE7:
 102               	.global	turn_off_watchdog
 104               	turn_off_watchdog:
 105               	.LFB8:
  85:setup.c       **** }
  86:setup.c       **** 
  87:setup.c       **** // Turn off the Watchdog
  88:setup.c       **** void turn_off_watchdog(void) {
 106               		.loc 1 88 0
 107               		.cfi_startproc
 108               	/* prologue: function */
 109               	/* frame size = 0 */
 110               	/* stack size = 0 */
 111               	.L__stack_usage = 0
  89:setup.c       **** 	cli(); // Turn interrupts off
 112               		.loc 1 89 0
 113               	/* #APP */
 114               	 ;  89 "setup.c" 1
 115 0046 F894      		cli
 116               	 ;  0 "" 2
  90:setup.c       **** 	asm("WDR");
 117               		.loc 1 90 0
 118               	 ;  90 "setup.c" 1
 119 0048 A895      		WDR
 120               	 ;  0 "" 2
  91:setup.c       **** 	MCUSR &= ~(1<<WDRF);
 121               		.loc 1 91 0
 122               	/* #NOAPP */
 123 004a 84B7      		in r24,0x34
 124 004c 877F      		andi r24,lo8(-9)
 125 004e 84BF      		out 0x34,r24
  92:setup.c       **** 	WDTCSR |= (1<<WDCE) | (1<<WDIE);
 126               		.loc 1 92 0
 127 0050 E0E6      		ldi r30,lo8(96)
 128 0052 F0E0      		ldi r31,0
 129 0054 8081      		ld r24,Z
 130 0056 8065      		ori r24,lo8(80)
 131 0058 8083      		st Z,r24
  93:setup.c       **** 	WDTCSR = 0;
 132               		.loc 1 93 0
 133 005a 1082      		st Z,__zero_reg__
  94:setup.c       **** 	sei(); // Turn interrupts back on
 134               		.loc 1 94 0
 135               	/* #APP */
 136               	 ;  94 "setup.c" 1
 137 005c 7894      		sei
 138               	 ;  0 "" 2
 139               	/* #NOAPP */
 140 005e 0895      		ret
 141               		.cfi_endproc
 142               	.LFE8:
 144               	.global	watchdog_sleep
 146               	watchdog_sleep:
 147               	.LFB9:
  95:setup.c       **** }
  96:setup.c       **** 
  97:setup.c       **** // Watchdog sleep function - setup, sleep and turn off
  98:setup.c       **** void watchdog_sleep(uint8_t timeout) { 
 148               		.loc 1 98 0
 149               		.cfi_startproc
 150               	.LVL5:
 151               	/* prologue: function */
 152               	/* frame size = 0 */
 153               	/* stack size = 0 */
 154               	.L__stack_usage = 0
  99:setup.c       **** 	setup_watchdog(timeout);
 155               		.loc 1 99 0
 156 0060 00D0      		rcall setup_watchdog
 157               	.LVL6:
 100:setup.c       **** 	system_sleep();
 158               		.loc 1 100 0
 159 0062 00D0      		rcall system_sleep
 160               	.LVL7:
 101:setup.c       **** 	turn_off_watchdog();
 161               		.loc 1 101 0
 162 0064 00C0      		rjmp turn_off_watchdog
 163               	.LVL8:
 164               		.cfi_endproc
 165               	.LFE9:
 167               	.global	adc_read
 169               	adc_read:
 170               	.LFB10:
 102:setup.c       **** }
 103:setup.c       **** 
 104:setup.c       **** // Read the ADC
 105:setup.c       **** int adc_read(uint8_t pin, uint8_t reference) {
 171               		.loc 1 105 0
 172               		.cfi_startproc
 173               	.LVL9:
 174               	/* prologue: function */
 175               	/* frame size = 0 */
 176               	/* stack size = 0 */
 177               	.L__stack_usage = 0
 178 0066 8F70      		andi r24,lo8(15)
 179               	.LVL10:
 106:setup.c       **** 	uint8_t low, high;
 107:setup.c       **** 	
 108:setup.c       **** 	// Set the analog reference (high two bits of ADMUX) and select the channel (low 4 bits)
 109:setup.c       **** 	if (reference == REF_1_1V) {
 180               		.loc 1 109 0
 181 0068 6111      		cpse r22,__zero_reg__
 110:setup.c       **** 		ADMUX = (pin & 0x0F); // 1.1V reference
 111:setup.c       **** 	}
 112:setup.c       **** 	else {
 113:setup.c       **** 		ADMUX = (1<<REFS0) | (pin & 0x0F); // AVCC Ref
 182               		.loc 1 113 0
 183 006a 8064      		ori r24,lo8(64)
 184               	.L11:
 185 006c 8093 7C00 		sts 124,r24
 114:setup.c       **** 	}
 115:setup.c       **** 	
 116:setup.c       **** 	set_sleep_mode(SLEEP_MODE_ADC); // Set sleep mode ADC
 186               		.loc 1 116 0
 187 0070 83B7      		in r24,0x33
 188 0072 897F      		andi r24,lo8(-7)
 189 0074 8260      		ori r24,lo8(2)
 190 0076 83BF      		out 0x33,r24
 117:setup.c       **** 	sleep_mode(); // System sleeps here
 191               		.loc 1 117 0
 192 0078 83B7      		in r24,0x33
 193 007a 8160      		ori r24,lo8(1)
 194 007c 83BF      		out 0x33,r24
 195               	/* #APP */
 196               	 ;  117 "setup.c" 1
 197 007e 8895      		sleep
 198               		
 199               	 ;  0 "" 2
 200               	/* #NOAPP */
 201 0080 83B7      		in r24,0x33
 202 0082 8E7F      		andi r24,lo8(-2)
 203 0084 83BF      		out 0x33,r24
 118:setup.c       **** 	
 119:setup.c       **** 	// Read ADCL first
 120:setup.c       **** 	low = ADCL;
 204               		.loc 1 120 0
 205 0086 8091 7800 		lds r24,120
 206               	.LVL11:
 121:setup.c       **** 	high = ADCH;
 207               		.loc 1 121 0
 208 008a 2091 7900 		lds r18,121
 209               	.LVL12:
 122:setup.c       **** 	
 123:setup.c       **** 	// combine the two bytes
 124:setup.c       **** 	return (high << 8) | low;
 210               		.loc 1 124 0
 211 008e 90E0      		ldi r25,0
 125:setup.c       **** }
 212               		.loc 1 125 0
 213 0090 922B      		or r25,r18
 214 0092 0895      		ret
 215               		.cfi_endproc
 216               	.LFE10:
 218               	.global	animate_leds
 220               	animate_leds:
 221               	.LFB11:
 126:setup.c       **** 
 127:setup.c       **** // Animate LEDs at start-up
 128:setup.c       **** void animate_leds(void) {
 222               		.loc 1 128 0
 223               		.cfi_startproc
 224 0094 1F93      		push r17
 225               	.LCFI0:
 226               		.cfi_def_cfa_offset 3
 227               		.cfi_offset 17, -2
 228 0096 CF93      		push r28
 229               	.LCFI1:
 230               		.cfi_def_cfa_offset 4
 231               		.cfi_offset 28, -3
 232 0098 DF93      		push r29
 233               	.LCFI2:
 234               		.cfi_def_cfa_offset 5
 235               		.cfi_offset 29, -4
 236               	/* prologue: function */
 237               	/* frame size = 0 */
 238               	/* stack size = 3 */
 239               	.L__stack_usage = 3
 240               	.LVL13:
 241               	.LBB35:
 242               	.LBB36:
 243               		.file 2 "/usr/lib/avr/include/util/delay.h"
   1:/usr/lib/avr/include/util/delay.h **** /* Copyright (c) 2002, Marek Michalkiewicz
   2:/usr/lib/avr/include/util/delay.h ****    Copyright (c) 2004,2005,2007 Joerg Wunsch
   3:/usr/lib/avr/include/util/delay.h ****    Copyright (c) 2007  Florin-Viorel Petrov
   4:/usr/lib/avr/include/util/delay.h ****    All rights reserved.
   5:/usr/lib/avr/include/util/delay.h **** 
   6:/usr/lib/avr/include/util/delay.h ****    Redistribution and use in source and binary forms, with or without
   7:/usr/lib/avr/include/util/delay.h ****    modification, are permitted provided that the following conditions are met:
   8:/usr/lib/avr/include/util/delay.h **** 
   9:/usr/lib/avr/include/util/delay.h ****    * Redistributions of source code must retain the above copyright
  10:/usr/lib/avr/include/util/delay.h ****      notice, this list of conditions and the following disclaimer.
  11:/usr/lib/avr/include/util/delay.h **** 
  12:/usr/lib/avr/include/util/delay.h ****    * Redistributions in binary form must reproduce the above copyright
  13:/usr/lib/avr/include/util/delay.h ****      notice, this list of conditions and the following disclaimer in
  14:/usr/lib/avr/include/util/delay.h ****      the documentation and/or other materials provided with the
  15:/usr/lib/avr/include/util/delay.h ****      distribution.
  16:/usr/lib/avr/include/util/delay.h **** 
  17:/usr/lib/avr/include/util/delay.h ****    * Neither the name of the copyright holders nor the names of
  18:/usr/lib/avr/include/util/delay.h ****      contributors may be used to endorse or promote products derived
  19:/usr/lib/avr/include/util/delay.h ****      from this software without specific prior written permission.
  20:/usr/lib/avr/include/util/delay.h **** 
  21:/usr/lib/avr/include/util/delay.h ****   THIS SOFTWARE IS PROVIDED BY THE COPYRIGHT HOLDERS AND CONTRIBUTORS "AS IS"
  22:/usr/lib/avr/include/util/delay.h ****   AND ANY EXPRESS OR IMPLIED WARRANTIES, INCLUDING, BUT NOT LIMITED TO, THE
  23:/usr/lib/avr/include/util/delay.h ****   IMPLIED WARRANTIES OF MERCHANTABILITY AND FITNESS FOR A PARTICULAR PURPOSE
  24:/usr/lib/avr/include/util/delay.h ****   ARE DISCLAIMED. IN NO EVENT SHALL THE COPYRIGHT OWNER OR CONTRIBUTORS BE
  25:/usr/lib/avr/include/util/delay.h ****   LIABLE FOR ANY DIRECT, INDIRECT, INCIDENTAL, SPECIAL, EXEMPLARY, OR
  26:/usr/lib/avr/include/util/delay.h ****   CONSEQUENTIAL DAMAGES (INCLUDING, BUT NOT LIMITED TO, PROCUREMENT OF
  27:/usr/lib/avr/include/util/delay.h ****   SUBSTITUTE GOODS OR SERVICES; LOSS OF USE, DATA, OR PROFITS; OR BUSINESS
  28:/usr/lib/avr/include/util/delay.h ****   INTERRUPTION) HOWEVER CAUSED AND ON ANY THEORY OF LIABILITY, WHETHER IN
  29:/usr/lib/avr/include/util/delay.h ****   CONTRACT, STRICT LIABILITY, OR TORT (INCLUDING NEGLIGENCE OR OTHERWISE)
  30:/usr/lib/avr/include/util/delay.h ****   ARISING IN ANY WAY OUT OF THE USE OF THIS SOFTWARE, EVEN IF ADVISED OF THE
  31:/usr/lib/avr/include/util/delay.h ****   POSSIBILITY OF SUCH DAMAGE. */
  32:/usr/lib/avr/include/util/delay.h **** 
  33:/usr/lib/avr/include/util/delay.h **** /* $Id$ */
  34:/usr/lib/avr/include/util/delay.h **** 
  35:/usr/lib/avr/include/util/delay.h **** #ifndef _UTIL_DELAY_H_
  36:/usr/lib/avr/include/util/delay.h **** #define _UTIL_DELAY_H_ 1
  37:/usr/lib/avr/include/util/delay.h **** 
  38:/usr/lib/avr/include/util/delay.h **** #ifndef __DOXYGEN__
  39:/usr/lib/avr/include/util/delay.h **** #  ifndef __HAS_DELAY_CYCLES
  40:/usr/lib/avr/include/util/delay.h **** #    define __HAS_DELAY_CYCLES 1
  41:/usr/lib/avr/include/util/delay.h **** #  endif
  42:/usr/lib/avr/include/util/delay.h **** #endif  /* __DOXYGEN__ */
  43:/usr/lib/avr/include/util/delay.h **** 
  44:/usr/lib/avr/include/util/delay.h **** #include <inttypes.h>
  45:/usr/lib/avr/include/util/delay.h **** #include <util/delay_basic.h>
  46:/usr/lib/avr/include/util/delay.h **** #include <math.h>
  47:/usr/lib/avr/include/util/delay.h **** 
  48:/usr/lib/avr/include/util/delay.h **** /** \file */
  49:/usr/lib/avr/include/util/delay.h **** /** \defgroup util_delay <util/delay.h>: Convenience functions for busy-wait delay loops
  50:/usr/lib/avr/include/util/delay.h ****     \code
  51:/usr/lib/avr/include/util/delay.h ****     #define F_CPU 1000000UL  // 1 MHz
  52:/usr/lib/avr/include/util/delay.h ****     //#define F_CPU 14.7456E6
  53:/usr/lib/avr/include/util/delay.h ****     #include <util/delay.h>
  54:/usr/lib/avr/include/util/delay.h ****     \endcode
  55:/usr/lib/avr/include/util/delay.h **** 
  56:/usr/lib/avr/include/util/delay.h ****     \note As an alternative method, it is possible to pass the
  57:/usr/lib/avr/include/util/delay.h ****     F_CPU macro down to the compiler from the Makefile.
  58:/usr/lib/avr/include/util/delay.h ****     Obviously, in that case, no \c \#define statement should be
  59:/usr/lib/avr/include/util/delay.h ****     used.
  60:/usr/lib/avr/include/util/delay.h **** 
  61:/usr/lib/avr/include/util/delay.h ****     The functions in this header file are wrappers around the basic
  62:/usr/lib/avr/include/util/delay.h ****     busy-wait functions from <util/delay_basic.h>.  They are meant as
  63:/usr/lib/avr/include/util/delay.h ****     convenience functions where actual time values can be specified
  64:/usr/lib/avr/include/util/delay.h ****     rather than a number of cycles to wait for.  The idea behind is
  65:/usr/lib/avr/include/util/delay.h ****     that compile-time constant expressions will be eliminated by
  66:/usr/lib/avr/include/util/delay.h ****     compiler optimization so floating-point expressions can be used
  67:/usr/lib/avr/include/util/delay.h ****     to calculate the number of delay cycles needed based on the CPU
  68:/usr/lib/avr/include/util/delay.h ****     frequency passed by the macro F_CPU.
  69:/usr/lib/avr/include/util/delay.h **** 
  70:/usr/lib/avr/include/util/delay.h ****     \note In order for these functions to work as intended, compiler
  71:/usr/lib/avr/include/util/delay.h ****     optimizations <em>must</em> be enabled, and the delay time
  72:/usr/lib/avr/include/util/delay.h ****     <em>must</em> be an expression that is a known constant at
  73:/usr/lib/avr/include/util/delay.h ****     compile-time.  If these requirements are not met, the resulting
  74:/usr/lib/avr/include/util/delay.h ****     delay will be much longer (and basically unpredictable), and
  75:/usr/lib/avr/include/util/delay.h ****     applications that otherwise do not use floating-point calculations
  76:/usr/lib/avr/include/util/delay.h ****     will experience severe code bloat by the floating-point library
  77:/usr/lib/avr/include/util/delay.h ****     routines linked into the application.
  78:/usr/lib/avr/include/util/delay.h **** 
  79:/usr/lib/avr/include/util/delay.h ****     The functions available allow the specification of microsecond, and
  80:/usr/lib/avr/include/util/delay.h ****     millisecond delays directly, using the application-supplied macro
  81:/usr/lib/avr/include/util/delay.h ****     F_CPU as the CPU clock frequency (in Hertz).
  82:/usr/lib/avr/include/util/delay.h **** 
  83:/usr/lib/avr/include/util/delay.h **** */
  84:/usr/lib/avr/include/util/delay.h **** 
  85:/usr/lib/avr/include/util/delay.h **** #if !defined(__DOXYGEN__)
  86:/usr/lib/avr/include/util/delay.h **** static __inline__ void _delay_us(double __us) __attribute__((__always_inline__));
  87:/usr/lib/avr/include/util/delay.h **** static __inline__ void _delay_ms(double __ms) __attribute__((__always_inline__));
  88:/usr/lib/avr/include/util/delay.h **** #endif
  89:/usr/lib/avr/include/util/delay.h **** 
  90:/usr/lib/avr/include/util/delay.h **** #ifndef F_CPU
  91:/usr/lib/avr/include/util/delay.h **** /* prevent compiler error by supplying a default */
  92:/usr/lib/avr/include/util/delay.h **** # warning "F_CPU not defined for <util/delay.h>"
  93:/usr/lib/avr/include/util/delay.h **** /** \ingroup util_delay
  94:/usr/lib/avr/include/util/delay.h ****     \def F_CPU
  95:/usr/lib/avr/include/util/delay.h ****     \brief CPU frequency in Hz
  96:/usr/lib/avr/include/util/delay.h **** 
  97:/usr/lib/avr/include/util/delay.h ****     The macro F_CPU specifies the CPU frequency to be considered by
  98:/usr/lib/avr/include/util/delay.h ****     the delay macros.  This macro is normally supplied by the
  99:/usr/lib/avr/include/util/delay.h ****     environment (e.g. from within a project header, or the project's
 100:/usr/lib/avr/include/util/delay.h ****     Makefile).  The value 1 MHz here is only provided as a "vanilla"
 101:/usr/lib/avr/include/util/delay.h ****     fallback if no such user-provided definition could be found.
 102:/usr/lib/avr/include/util/delay.h **** 
 103:/usr/lib/avr/include/util/delay.h ****     In terms of the delay functions, the CPU frequency can be given as
 104:/usr/lib/avr/include/util/delay.h ****     a floating-point constant (e.g. 3.6864E6 for 3.6864 MHz).
 105:/usr/lib/avr/include/util/delay.h ****     However, the macros in <util/setbaud.h> require it to be an
 106:/usr/lib/avr/include/util/delay.h ****     integer value.
 107:/usr/lib/avr/include/util/delay.h ****  */
 108:/usr/lib/avr/include/util/delay.h **** # define F_CPU 1000000UL
 109:/usr/lib/avr/include/util/delay.h **** #endif
 110:/usr/lib/avr/include/util/delay.h **** 
 111:/usr/lib/avr/include/util/delay.h **** #ifndef __OPTIMIZE__
 112:/usr/lib/avr/include/util/delay.h **** # warning "Compiler optimizations disabled; functions from <util/delay.h> won't work as designed"
 113:/usr/lib/avr/include/util/delay.h **** #endif
 114:/usr/lib/avr/include/util/delay.h **** 
 115:/usr/lib/avr/include/util/delay.h **** #if __HAS_DELAY_CYCLES && defined(__OPTIMIZE__) && \
 116:/usr/lib/avr/include/util/delay.h ****   !defined(__DELAY_BACKWARD_COMPATIBLE__) &&	   \
 117:/usr/lib/avr/include/util/delay.h ****   __STDC_HOSTED__
 118:/usr/lib/avr/include/util/delay.h **** #  include <math.h>
 119:/usr/lib/avr/include/util/delay.h **** #endif
 120:/usr/lib/avr/include/util/delay.h **** 
 121:/usr/lib/avr/include/util/delay.h **** /**
 122:/usr/lib/avr/include/util/delay.h ****    \ingroup util_delay
 123:/usr/lib/avr/include/util/delay.h **** 
 124:/usr/lib/avr/include/util/delay.h ****    Perform a delay of \c __ms milliseconds, using _delay_loop_2().
 125:/usr/lib/avr/include/util/delay.h **** 
 126:/usr/lib/avr/include/util/delay.h ****    The macro F_CPU is supposed to be defined to a
 127:/usr/lib/avr/include/util/delay.h ****    constant defining the CPU clock frequency (in Hertz).
 128:/usr/lib/avr/include/util/delay.h **** 
 129:/usr/lib/avr/include/util/delay.h ****    The maximal possible delay is 262.14 ms / F_CPU in MHz.
 130:/usr/lib/avr/include/util/delay.h **** 
 131:/usr/lib/avr/include/util/delay.h ****    When the user request delay which exceed the maximum possible one,
 132:/usr/lib/avr/include/util/delay.h ****    _delay_ms() provides a decreased resolution functionality. In this
 133:/usr/lib/avr/include/util/delay.h ****    mode _delay_ms() will work with a resolution of 1/10 ms, providing
 134:/usr/lib/avr/include/util/delay.h ****    delays up to 6.5535 seconds (independent from CPU frequency).  The
 135:/usr/lib/avr/include/util/delay.h ****    user will not be informed about decreased resolution.
 136:/usr/lib/avr/include/util/delay.h **** 
 137:/usr/lib/avr/include/util/delay.h ****    If the avr-gcc toolchain has __builtin_avr_delay_cycles()
 138:/usr/lib/avr/include/util/delay.h ****    support, maximal possible delay is 4294967.295 ms/ F_CPU in MHz. For
 139:/usr/lib/avr/include/util/delay.h ****    values greater than the maximal possible delay, overflows results in
 140:/usr/lib/avr/include/util/delay.h ****    no delay i.e., 0ms.
 141:/usr/lib/avr/include/util/delay.h **** 
 142:/usr/lib/avr/include/util/delay.h ****    Conversion of \c __ms into clock cycles may not always result in
 143:/usr/lib/avr/include/util/delay.h ****    integer.  By default, the clock cycles rounded up to next
 144:/usr/lib/avr/include/util/delay.h ****    integer. This ensures that the user gets at least \c __ms
 145:/usr/lib/avr/include/util/delay.h ****    microseconds of delay.
 146:/usr/lib/avr/include/util/delay.h **** 
 147:/usr/lib/avr/include/util/delay.h ****    Alternatively, by defining the macro \c __DELAY_ROUND_DOWN__, or
 148:/usr/lib/avr/include/util/delay.h ****    \c __DELAY_ROUND_CLOSEST__, before including this header file, the
 149:/usr/lib/avr/include/util/delay.h ****    algorithm can be made to round down, or round to closest integer,
 150:/usr/lib/avr/include/util/delay.h ****    respectively.
 151:/usr/lib/avr/include/util/delay.h **** 
 152:/usr/lib/avr/include/util/delay.h ****    \note
 153:/usr/lib/avr/include/util/delay.h **** 
 154:/usr/lib/avr/include/util/delay.h ****    The implementation of _delay_ms() based on
 155:/usr/lib/avr/include/util/delay.h ****    __builtin_avr_delay_cycles() is not backward compatible with older
 156:/usr/lib/avr/include/util/delay.h ****    implementations.  In order to get functionality backward compatible
 157:/usr/lib/avr/include/util/delay.h ****    with previous versions, the macro \c "__DELAY_BACKWARD_COMPATIBLE__"
 158:/usr/lib/avr/include/util/delay.h ****    must be defined before including this header file. Also, the
 159:/usr/lib/avr/include/util/delay.h ****    backward compatible algorithm will be chosen if the code is
 160:/usr/lib/avr/include/util/delay.h ****    compiled in a <em>freestanding environment</em> (GCC option
 161:/usr/lib/avr/include/util/delay.h ****    \c -ffreestanding), as the math functions required for rounding are
 162:/usr/lib/avr/include/util/delay.h ****    not available to the compiler then.
 163:/usr/lib/avr/include/util/delay.h **** 
 164:/usr/lib/avr/include/util/delay.h ****  */
 165:/usr/lib/avr/include/util/delay.h **** void
 166:/usr/lib/avr/include/util/delay.h **** _delay_ms(double __ms)
 167:/usr/lib/avr/include/util/delay.h **** {
 168:/usr/lib/avr/include/util/delay.h **** 	double __tmp ;
 169:/usr/lib/avr/include/util/delay.h **** #if __HAS_DELAY_CYCLES && defined(__OPTIMIZE__) && \
 170:/usr/lib/avr/include/util/delay.h ****   !defined(__DELAY_BACKWARD_COMPATIBLE__) &&	   \
 171:/usr/lib/avr/include/util/delay.h ****   __STDC_HOSTED__
 172:/usr/lib/avr/include/util/delay.h **** 	uint32_t __ticks_dc;
 173:/usr/lib/avr/include/util/delay.h **** 	extern void __builtin_avr_delay_cycles(unsigned long);
 174:/usr/lib/avr/include/util/delay.h **** 	__tmp = ((F_CPU) / 1e3) * __ms;
 175:/usr/lib/avr/include/util/delay.h **** 
 176:/usr/lib/avr/include/util/delay.h **** 	#if defined(__DELAY_ROUND_DOWN__)
 177:/usr/lib/avr/include/util/delay.h **** 		__ticks_dc = (uint32_t)fabs(__tmp);
 178:/usr/lib/avr/include/util/delay.h **** 
 179:/usr/lib/avr/include/util/delay.h **** 	#elif defined(__DELAY_ROUND_CLOSEST__)
 180:/usr/lib/avr/include/util/delay.h **** 		__ticks_dc = (uint32_t)(fabs(__tmp)+0.5);
 181:/usr/lib/avr/include/util/delay.h **** 
 182:/usr/lib/avr/include/util/delay.h **** 	#else
 183:/usr/lib/avr/include/util/delay.h **** 		//round up by default
 184:/usr/lib/avr/include/util/delay.h **** 		__ticks_dc = (uint32_t)(ceil(fabs(__tmp)));
 185:/usr/lib/avr/include/util/delay.h **** 	#endif
 186:/usr/lib/avr/include/util/delay.h **** 
 187:/usr/lib/avr/include/util/delay.h **** 	__builtin_avr_delay_cycles(__ticks_dc);
 244               		.loc 2 187 0
 245 009a 87EA      		ldi r24,lo8(24999)
 246 009c 91E6      		ldi r25,hi8(24999)
 247 009e 0197      	1:	sbiw r24,1
 248 00a0 01F4      		brne 1b
 249 00a2 00C0      		rjmp .
 250 00a4 0000      		nop
 251               	.LVL14:
 252 00a6 15E0      		ldi r17,lo8(5)
 253               	.LBE36:
 254               	.LBE35:
 129:setup.c       **** 	_delay_ms(100);
 130:setup.c       **** 	
 131:setup.c       **** 	// 5 samples over 25ms
 132:setup.c       **** 	uint16_t batteryVoltageLevel = 0;
 255               		.loc 1 132 0
 256 00a8 C0E0      		ldi r28,0
 257 00aa D0E0      		ldi r29,0
 258               	.LVL15:
 259               	.L13:
 260               	.LBB37:
 133:setup.c       **** 	for (uint8_t x = 0; x < 5; x++) {
 134:setup.c       **** 		batteryVoltageLevel += adc_read(batteryADCPin, REF_1_1V);
 261               		.loc 1 134 0 discriminator 3
 262 00ac 60E0      		ldi r22,0
 263 00ae 83E0      		ldi r24,lo8(3)
 264 00b0 00D0      		rcall adc_read
 265               	.LVL16:
 266 00b2 C80F      		add r28,r24
 267 00b4 D91F      		adc r29,r25
 268               	.LVL17:
 269               	.LBB38:
 270               	.LBB39:
 271               		.loc 2 187 0 discriminator 3
 272 00b6 81EE      		ldi r24,lo8(1249)
 273 00b8 94E0      		ldi r25,hi8(1249)
 274 00ba 0197      	1:	sbiw r24,1
 275 00bc 01F4      		brne 1b
 276 00be 00C0      		rjmp .
 277 00c0 0000      		nop
 278               	.LVL18:
 279 00c2 1150      		subi r17,lo8(-(-1))
 280               	.LVL19:
 281               	.LBE39:
 282               	.LBE38:
 133:setup.c       **** 	for (uint8_t x = 0; x < 5; x++) {
 283               		.loc 1 133 0 discriminator 3
 284 00c4 01F4      		brne .L13
 285               	.LBE37:
 135:setup.c       **** 		_delay_ms(5);
 136:setup.c       **** 	}
 137:setup.c       **** 	batteryVoltageLevel = batteryVoltageLevel / 5;
 286               		.loc 1 137 0
 287 00c6 CE01      		movw r24,r28
 288 00c8 65E0      		ldi r22,lo8(5)
 289 00ca 70E0      		ldi r23,0
 290 00cc 00D0      		rcall __udivmodhi4
 291               	.LVL20:
 138:setup.c       **** 	
 139:setup.c       **** 	// Red
 140:setup.c       **** 	if (batteryVoltageLevel >= 675) {
 292               		.loc 1 140 0
 293 00ce 633A      		cpi r22,-93
 294 00d0 92E0      		ldi r25,2
 295 00d2 7907      		cpc r23,r25
 296 00d4 00F4      		brsh .+2
 297 00d6 00C0      		rjmp .L12
 141:setup.c       **** 		PORTD |= (1<<LED1);
 298               		.loc 1 141 0
 299 00d8 589A      		sbi 0xb,0
 300               	.LVL21:
 301               	.LBB40:
 302               	.LBB41:
 303               		.loc 2 187 0
 304 00da 83ED      		ldi r24,lo8(12499)
 305 00dc 90E3      		ldi r25,hi8(12499)
 306 00de 0197      	1:	sbiw r24,1
 307 00e0 01F4      		brne 1b
 308 00e2 00C0      		rjmp .
 309 00e4 0000      		nop
 310               	.LBE41:
 311               	.LBE40:
 142:setup.c       **** 		_delay_ms(DELAY_TIME);
 143:setup.c       **** 	}
 144:setup.c       **** 	if (batteryVoltageLevel >= 710) {
 312               		.loc 1 144 0
 313 00e6 663C      		cpi r22,-58
 314 00e8 92E0      		ldi r25,2
 315 00ea 7907      		cpc r23,r25
 316 00ec 00F4      		brsh .+2
 317 00ee 00C0      		rjmp .L12
 145:setup.c       **** 		PORTD |= (1<<LED2);
 318               		.loc 1 145 0
 319 00f0 599A      		sbi 0xb,1
 320               	.LVL22:
 321               	.LBB42:
 322               	.LBB43:
 323               		.loc 2 187 0
 324 00f2 83ED      		ldi r24,lo8(12499)
 325 00f4 90E3      		ldi r25,hi8(12499)
 326 00f6 0197      	1:	sbiw r24,1
 327 00f8 01F4      		brne 1b
 328 00fa 00C0      		rjmp .
 329 00fc 0000      		nop
 330               	.LBE43:
 331               	.LBE42:
 146:setup.c       **** 		_delay_ms(DELAY_TIME);
 147:setup.c       **** 	}
 148:setup.c       **** 	if (batteryVoltageLevel >= 727) {
 332               		.loc 1 148 0
 333 00fe 673D      		cpi r22,-41
 334 0100 92E0      		ldi r25,2
 335 0102 7907      		cpc r23,r25
 336 0104 00F4      		brsh .+2
 337 0106 00C0      		rjmp .L12
 149:setup.c       **** 		PORTD |= (1<<LED3);
 338               		.loc 1 149 0
 339 0108 5A9A      		sbi 0xb,2
 340               	.LVL23:
 341               	.LBB44:
 342               	.LBB45:
 343               		.loc 2 187 0
 344 010a 83ED      		ldi r24,lo8(12499)
 345 010c 90E3      		ldi r25,hi8(12499)
 346 010e 0197      	1:	sbiw r24,1
 347 0110 01F4      		brne 1b
 348 0112 00C0      		rjmp .
 349 0114 0000      		nop
 350               	.LBE45:
 351               	.LBE44:
 150:setup.c       **** 		_delay_ms(DELAY_TIME);
 151:setup.c       **** 	}
 152:setup.c       **** 	
 153:setup.c       **** 	// Blue
 154:setup.c       **** 	if (batteryVoltageLevel >= 745) {
 352               		.loc 1 154 0
 353 0116 693E      		cpi r22,-23
 354 0118 92E0      		ldi r25,2
 355 011a 7907      		cpc r23,r25
 356 011c 00F4      		brsh .+2
 357 011e 00C0      		rjmp .L12
 155:setup.c       **** 		PORTD |= (1<<LED4);
 358               		.loc 1 155 0
 359 0120 5B9A      		sbi 0xb,3
 360               	.LVL24:
 361               	.LBB46:
 362               	.LBB47:
 363               		.loc 2 187 0
 364 0122 83ED      		ldi r24,lo8(12499)
 365 0124 90E3      		ldi r25,hi8(12499)
 366 0126 0197      	1:	sbiw r24,1
 367 0128 01F4      		brne 1b
 368 012a 00C0      		rjmp .
 369 012c 0000      		nop
 370               	.LBE47:
 371               	.LBE46:
 156:setup.c       **** 		_delay_ms(DELAY_TIME);
 157:setup.c       **** 	}
 158:setup.c       **** 	if (batteryVoltageLevel >= 762) {
 372               		.loc 1 158 0
 373 012e 6A3F      		cpi r22,-6
 374 0130 92E0      		ldi r25,2
 375 0132 7907      		cpc r23,r25
 376 0134 00F0      		brlo .L12
 159:setup.c       **** 		PORTB |= (1<<LED5);
 377               		.loc 1 159 0
 378 0136 2F9A      		sbi 0x5,7
 379               	.LVL25:
 380               	.LBB48:
 381               	.LBB49:
 382               		.loc 2 187 0
 383 0138 83ED      		ldi r24,lo8(12499)
 384 013a 90E3      		ldi r25,hi8(12499)
 385 013c 0197      	1:	sbiw r24,1
 386 013e 01F4      		brne 1b
 387 0140 00C0      		rjmp .
 388 0142 0000      		nop
 389               	.LBE49:
 390               	.LBE48:
 160:setup.c       **** 		_delay_ms(DELAY_TIME);
 161:setup.c       **** 	}
 162:setup.c       **** 	if (batteryVoltageLevel >= 780) {
 391               		.loc 1 162 0
 392 0144 6C30      		cpi r22,12
 393 0146 93E0      		ldi r25,3
 394 0148 7907      		cpc r23,r25
 395 014a 00F0      		brlo .L12
 163:setup.c       **** 		PORTD |= (1<<LED6);
 396               		.loc 1 163 0
 397 014c 5D9A      		sbi 0xb,5
 398               	.LVL26:
 399               	.LBB50:
 400               	.LBB51:
 401               		.loc 2 187 0
 402 014e 83ED      		ldi r24,lo8(12499)
 403 0150 90E3      		ldi r25,hi8(12499)
 404 0152 0197      	1:	sbiw r24,1
 405 0154 01F4      		brne 1b
 406 0156 00C0      		rjmp .
 407 0158 0000      		nop
 408               	.LBE51:
 409               	.LBE50:
 164:setup.c       **** 		_delay_ms(DELAY_TIME);
 165:setup.c       **** 	}
 166:setup.c       **** 	if (batteryVoltageLevel >= 797) {
 410               		.loc 1 166 0
 411 015a 6D31      		cpi r22,29
 412 015c 93E0      		ldi r25,3
 413 015e 7907      		cpc r23,r25
 414 0160 00F0      		brlo .L12
 167:setup.c       **** 		PORTD |= (1<<LED7);
 415               		.loc 1 167 0
 416 0162 5E9A      		sbi 0xb,6
 417               	.LVL27:
 418               	.LBB52:
 419               	.LBB53:
 420               		.loc 2 187 0
 421 0164 83ED      		ldi r24,lo8(12499)
 422 0166 90E3      		ldi r25,hi8(12499)
 423 0168 0197      	1:	sbiw r24,1
 424 016a 01F4      		brne 1b
 425 016c 00C0      		rjmp .
 426 016e 0000      		nop
 427               	.LBE53:
 428               	.LBE52:
 168:setup.c       **** 		_delay_ms(DELAY_TIME);
 169:setup.c       **** 	}
 170:setup.c       **** 	
 171:setup.c       **** 	// Green
 172:setup.c       **** 	if (batteryVoltageLevel >= 815) {
 429               		.loc 1 172 0
 430 0170 6F32      		cpi r22,47
 431 0172 93E0      		ldi r25,3
 432 0174 7907      		cpc r23,r25
 433 0176 00F0      		brlo .L12
 173:setup.c       **** 		PORTD |= (1<<LED8);
 434               		.loc 1 173 0
 435 0178 5F9A      		sbi 0xb,7
 436               	.LVL28:
 437               	.LBB54:
 438               	.LBB55:
 439               		.loc 2 187 0
 440 017a 83ED      		ldi r24,lo8(12499)
 441 017c 90E3      		ldi r25,hi8(12499)
 442 017e 0197      	1:	sbiw r24,1
 443 0180 01F4      		brne 1b
 444 0182 00C0      		rjmp .
 445 0184 0000      		nop
 446               	.LBE55:
 447               	.LBE54:
 174:setup.c       **** 		_delay_ms(DELAY_TIME);
 175:setup.c       **** 	}
 176:setup.c       **** 	if (batteryVoltageLevel >= 832) {
 448               		.loc 1 176 0
 449 0186 6034      		cpi r22,64
 450 0188 93E0      		ldi r25,3
 451 018a 7907      		cpc r23,r25
 452 018c 00F0      		brlo .L12
 177:setup.c       **** 		PORTB |= (1<<LED9);
 453               		.loc 1 177 0
 454 018e 289A      		sbi 0x5,0
 455               	.LVL29:
 456               	.LBB56:
 457               	.LBB57:
 458               		.loc 2 187 0
 459 0190 83ED      		ldi r24,lo8(12499)
 460 0192 90E3      		ldi r25,hi8(12499)
 461 0194 0197      	1:	sbiw r24,1
 462 0196 01F4      		brne 1b
 463 0198 00C0      		rjmp .
 464 019a 0000      		nop
 465               	.LBE57:
 466               	.LBE56:
 178:setup.c       **** 		_delay_ms(DELAY_TIME);
 179:setup.c       **** 	}
 180:setup.c       **** 	if (batteryVoltageLevel >= 850) {
 467               		.loc 1 180 0
 468 019c 6235      		cpi r22,82
 469 019e 7340      		sbci r23,3
 470 01a0 00F0      		brlo .L12
 181:setup.c       **** 		PORTB |= (1<<LED10);
 471               		.loc 1 181 0
 472 01a2 299A      		sbi 0x5,1
 473               	.LVL30:
 474               	.L12:
 475               	/* epilogue start */
 182:setup.c       **** 	}
 183:setup.c       **** }
 476               		.loc 1 183 0
 477 01a4 DF91      		pop r29
 478 01a6 CF91      		pop r28
 479 01a8 1F91      		pop r17
 480               	.LVL31:
 481 01aa 0895      		ret
 482               		.cfi_endproc
 483               	.LFE11:
 485               	.global	setup
 487               	setup:
 488               	.LFB12:
 184:setup.c       **** 
 185:setup.c       **** // Setup
 186:setup.c       **** void setup(void) {
 489               		.loc 1 186 0
 490               		.cfi_startproc
 491               	/* prologue: function */
 492               	/* frame size = 0 */
 493               	/* stack size = 0 */
 494               	.L__stack_usage = 0
 187:setup.c       **** 	// Turn on pull ups
 188:setup.c       **** 	PORTB |= (1<<PB2) | (1<<PB3) | (1<<PB4) | (1<<PB5) | (1<<PB6); 
 495               		.loc 1 188 0
 496 01ac 85B1      		in r24,0x5
 497 01ae 8C67      		ori r24,lo8(124)
 498 01b0 85B9      		out 0x5,r24
 189:setup.c       **** 	PORTC |= (1<<PC0) | (1<<PC1) | (1<<PC2) | (1<<PC4) | (1<<PC5) | (1<<PC6) | (1<<PC7); 
 499               		.loc 1 189 0
 500 01b2 88B1      		in r24,0x8
 501 01b4 876F      		ori r24,lo8(-9)
 502 01b6 88B9      		out 0x8,r24
 190:setup.c       **** 	
 191:setup.c       **** 	// Setup outputs
 192:setup.c       **** 	DDRD |= (1<<LED1) | (1<<LED2) | (1<<LED3) | (1<<LED4) | (1<<LED6) | (1<<LED7) | (1<<LED8);
 503               		.loc 1 192 0
 504 01b8 8AB1      		in r24,0xa
 505 01ba 8F6E      		ori r24,lo8(-17)
 506 01bc 8AB9      		out 0xa,r24
 193:setup.c       **** 	DDRB |= (1<<LED5)  | (1<<LED9) | (1<<LED10);
 507               		.loc 1 193 0
 508 01be 84B1      		in r24,0x4
 509 01c0 8368      		ori r24,lo8(-125)
 510 01c2 84B9      		out 0x4,r24
 194:setup.c       **** 	
 195:setup.c       **** 	// Blink LEDs
 196:setup.c       **** 	//PORTD |= (1<<LED1) | (1<<LED2) | (1<<LED3) | (1<<LED4) | (1<<LED6) | (1<<LED7) | (1<<LED8);
 197:setup.c       **** 	//PORTB |= (1<<LED5) | (1<<LED9) | (1<<LED10);
 198:setup.c       **** 	//_delay_ms(200);
 199:setup.c       **** 	//PORTD &= ~((1<<LED1) | (1<<LED2) | (1<<LED3) | (1<<LED4) | (1<<LED6) | (1<<LED7) | (1<<LED8));
 200:setup.c       **** 	//PORTB &= ~((1<<LED5) | (1<<LED9) | (1<<LED10));
 201:setup.c       **** 	
 202:setup.c       **** 	// Set ADC prescale factor to 8
 203:setup.c       **** 	// 1 MHz / 8 = 125 KHz, inside the desired 50-200 KHz range.
 204:setup.c       **** 	sbi(ADCSRA, ADPS1);
 511               		.loc 1 204 0
 512 01c4 EAE7      		ldi r30,lo8(122)
 513 01c6 F0E0      		ldi r31,0
 514 01c8 8081      		ld r24,Z
 515 01ca 8260      		ori r24,lo8(2)
 516 01cc 8083      		st Z,r24
 205:setup.c       **** 	sbi(ADCSRA, ADPS0);
 517               		.loc 1 205 0
 518 01ce 8081      		ld r24,Z
 519 01d0 8160      		ori r24,lo8(1)
 520 01d2 8083      		st Z,r24
 206:setup.c       **** 	
 207:setup.c       **** 	// Enable ADC/interrupt
 208:setup.c       **** 	sbi(ADCSRA, ADEN);
 521               		.loc 1 208 0
 522 01d4 8081      		ld r24,Z
 523 01d6 8068      		ori r24,lo8(-128)
 524 01d8 8083      		st Z,r24
 209:setup.c       **** 	sbi(ADCSRA, ADIE);
 525               		.loc 1 209 0
 526 01da 8081      		ld r24,Z
 527 01dc 8860      		ori r24,lo8(8)
 528 01de 8083      		st Z,r24
 210:setup.c       **** 	
 211:setup.c       **** 	// Enable pin change interrupt on PD4
 212:setup.c       **** 	sbi(PCMSK2, PCINT20);
 529               		.loc 1 212 0
 530 01e0 EDE6      		ldi r30,lo8(109)
 531 01e2 F0E0      		ldi r31,0
 532 01e4 8081      		ld r24,Z
 533 01e6 8061      		ori r24,lo8(16)
 534 01e8 8083      		st Z,r24
 213:setup.c       **** 	
 214:setup.c       **** 	sei(); // Turn on interrupts
 535               		.loc 1 214 0
 536               	/* #APP */
 537               	 ;  214 "setup.c" 1
 538 01ea 7894      		sei
 539               	 ;  0 "" 2
 540               	/* #NOAPP */
 541 01ec 0895      		ret
 542               		.cfi_endproc
 543               	.LFE12:
 545               		.section	.text.startup,"ax",@progbits
 546               	.global	main
 548               	main:
 549               	.LFB13:
 550               		.file 3 "main.c"
   1:main.c        **** /*
   2:main.c        ****  LiPo Battery Gauge
   3:main.c        ****  Version: 1.2a
   4:main.c        ****  Author: Alex from insideGadgets (http://www.insidegadgets.com)
   5:main.c        ****  Created: 13/10/2019
   6:main.c        ****  Last Modified: 30/11/2019
   7:main.c        ****  changed ADC values for 300k resistor -makho 
   8:main.c        **** 
   9:main.c        **** */
  10:main.c        **** 
  11:main.c        **** #define F_CPU 1000000 // 1 MHz
  12:main.c        **** 
  13:main.c        **** #include <avr/io.h>
  14:main.c        **** #include <avr/eeprom.h>
  15:main.c        **** #include <avr/interrupt.h>
  16:main.c        **** #include <util/delay.h>
  17:main.c        **** #include <avr/sleep.h>
  18:main.c        **** #include "setup.c"
  19:main.c        **** 
  20:main.c        **** int main (void) {
 551               		.loc 3 20 0
 552               		.cfi_startproc
 553               	/* prologue: function */
 554               	/* frame size = 0 */
 555               	/* stack size = 0 */
 556               	.L__stack_usage = 0
  21:main.c        **** 	setup();
 557               		.loc 3 21 0
 558 0000 00D0      		rcall setup
 559               	.LVL32:
 560               	.LBB58:
  22:main.c        **** 	
  23:main.c        **** 	while(1) {
  24:main.c        **** 		// Power pin (PD4) low, go to sleep
  25:main.c        **** 		if (!(PIND & (1<<POWER_ON_PIN))) {
  26:main.c        **** 			_delay_ms(200);
  27:main.c        **** 			
  28:main.c        **** 			// Turn off LEDs
  29:main.c        **** 			PORTD &= ~((1<<LED1) | (1<<LED2) | (1<<LED3) | (1<<LED4) | (1<<LED6) | (1<<LED7) | (1<<LED8));
  30:main.c        **** 			PORTB &= ~((1<<LED5) | (1<<LED9) | (1<<LED10));
  31:main.c        **** 			
  32:main.c        **** 			// Disable ADC/interrupt
  33:main.c        **** 			cbi(ADCSRA, ADEN);
  34:main.c        **** 			cbi(ADCSRA, ADIE);
  35:main.c        **** 			
  36:main.c        **** 			// Enable pin change interrupt
  37:main.c        **** 			sbi(PCICR, PCIE2);
  38:main.c        **** 			system_sleep();
  39:main.c        **** 			
  40:main.c        **** 			// Enable ADC/interrupt
  41:main.c        **** 			sbi(ADCSRA, ADEN);
  42:main.c        **** 			sbi(ADCSRA, ADIE);
  43:main.c        **** 			
  44:main.c        **** 			// Disable pin change interrupt
  45:main.c        **** 			cbi(PCICR, PCIE2);
  46:main.c        **** 			_delay_ms(100);
  47:main.c        **** 			
  48:main.c        **** 			animate_leds(); // Animate LEDs at start
  49:main.c        **** 		}
  50:main.c        **** 		
  51:main.c        **** 		
  52:main.c        **** 		// 5 samples over 25ms
  53:main.c        **** 		uint16_t batteryVoltageLevel = 0;
  54:main.c        **** 		for (uint8_t x = 0; x < 5; x++) {
  55:main.c        **** 			batteryVoltageLevel += adc_read(batteryADCPin, REF_1_1V);
  56:main.c        **** 			_delay_ms(5);
  57:main.c        **** 		}
  58:main.c        **** 		batteryVoltageLevel = batteryVoltageLevel / 5;
 561               		.loc 3 58 0
 562 0002 85E0      		ldi r24,lo8(5)
 563 0004 E82E      		mov r14,r24
 564 0006 F12C      		mov r15,__zero_reg__
 565               	.L49:
  25:main.c        **** 			_delay_ms(200);
 566               		.loc 3 25 0
 567 0008 4C99      		sbic 0x9,4
 568 000a 00C0      		rjmp .L27
 569               	.LVL33:
 570               	.LBB59:
 571               	.LBB60:
 572               		.loc 2 187 0
 573 000c 8FE4      		ldi r24,lo8(-15537)
 574 000e 93EC      		ldi r25,hi8(-15537)
 575 0010 0197      	1:	sbiw r24,1
 576 0012 01F4      		brne 1b
 577 0014 00C0      		rjmp .
 578 0016 0000      		nop
 579               	.LVL34:
 580               	.LBE60:
 581               	.LBE59:
  29:main.c        **** 			PORTB &= ~((1<<LED5) | (1<<LED9) | (1<<LED10));
 582               		.loc 3 29 0
 583 0018 8BB1      		in r24,0xb
 584 001a 8071      		andi r24,lo8(16)
 585 001c 8BB9      		out 0xb,r24
  30:main.c        **** 			
 586               		.loc 3 30 0
 587 001e 85B1      		in r24,0x5
 588 0020 8C77      		andi r24,lo8(124)
 589 0022 85B9      		out 0x5,r24
  33:main.c        **** 			cbi(ADCSRA, ADIE);
 590               		.loc 3 33 0
 591 0024 8091 7A00 		lds r24,122
 592 0028 8F77      		andi r24,lo8(127)
 593 002a 8093 7A00 		sts 122,r24
  34:main.c        **** 			
 594               		.loc 3 34 0
 595 002e 8091 7A00 		lds r24,122
 596 0032 877F      		andi r24,lo8(-9)
 597 0034 8093 7A00 		sts 122,r24
  37:main.c        **** 			system_sleep();
 598               		.loc 3 37 0
 599 0038 8091 6800 		lds r24,104
 600 003c 8460      		ori r24,lo8(4)
 601 003e 8093 6800 		sts 104,r24
  38:main.c        **** 			
 602               		.loc 3 38 0
 603 0042 00D0      		rcall system_sleep
 604               	.LVL35:
  41:main.c        **** 			sbi(ADCSRA, ADIE);
 605               		.loc 3 41 0
 606 0044 8091 7A00 		lds r24,122
 607 0048 8068      		ori r24,lo8(-128)
 608 004a 8093 7A00 		sts 122,r24
  42:main.c        **** 			
 609               		.loc 3 42 0
 610 004e 8091 7A00 		lds r24,122
 611 0052 8860      		ori r24,lo8(8)
 612 0054 8093 7A00 		sts 122,r24
  45:main.c        **** 			_delay_ms(100);
 613               		.loc 3 45 0
 614 0058 8091 6800 		lds r24,104
 615 005c 8B7F      		andi r24,lo8(-5)
 616 005e 8093 6800 		sts 104,r24
 617               	.LVL36:
 618               	.LBB61:
 619               	.LBB62:
 620               		.loc 2 187 0
 621 0062 87EA      		ldi r24,lo8(24999)
 622 0064 91E6      		ldi r25,hi8(24999)
 623 0066 0197      	1:	sbiw r24,1
 624 0068 01F4      		brne 1b
 625 006a 00C0      		rjmp .
 626 006c 0000      		nop
 627               	.LVL37:
 628               	.LBE62:
 629               	.LBE61:
  48:main.c        **** 		}
 630               		.loc 3 48 0
 631 006e 00D0      		rcall animate_leds
 632               	.LVL38:
 633               	.L27:
 634               	.LBE58:
  20:main.c        **** 	setup();
 635               		.loc 3 20 0 discriminator 1
 636 0070 15E0      		ldi r17,lo8(5)
 637 0072 C0E0      		ldi r28,0
 638 0074 D0E0      		ldi r29,0
 639               	.LVL39:
 640               	.L28:
 641               	.LBB66:
 642               	.LBB63:
  55:main.c        **** 			_delay_ms(5);
 643               		.loc 3 55 0 discriminator 3
 644 0076 60E0      		ldi r22,0
 645 0078 83E0      		ldi r24,lo8(3)
 646 007a 00D0      		rcall adc_read
 647               	.LVL40:
 648 007c C80F      		add r28,r24
 649 007e D91F      		adc r29,r25
 650               	.LVL41:
 651               	.LBB64:
 652               	.LBB65:
 653               		.loc 2 187 0 discriminator 3
 654 0080 81EE      		ldi r24,lo8(1249)
 655 0082 94E0      		ldi r25,hi8(1249)
 656 0084 0197      	1:	sbiw r24,1
 657 0086 01F4      		brne 1b
 658 0088 00C0      		rjmp .
 659 008a 0000      		nop
 660               	.LVL42:
 661 008c 1150      		subi r17,lo8(-(-1))
 662               	.LVL43:
 663               	.LBE65:
 664               	.LBE64:
  54:main.c        **** 			batteryVoltageLevel += adc_read(batteryADCPin, REF_1_1V);
 665               		.loc 3 54 0 discriminator 3
 666 008e 01F4      		brne .L28
 667               	.LBE63:
 668               		.loc 3 58 0
 669 0090 CE01      		movw r24,r28
 670 0092 B701      		movw r22,r14
 671 0094 00D0      		rcall __udivmodhi4
 672               	.LVL44:
  59:main.c        **** 		
  60:main.c        **** 		
  61:main.c        **** 		// Red
  62:main.c        **** 		if (batteryVoltageLevel >= 675) {
 673               		.loc 3 62 0
 674 0096 633A      		cpi r22,-93
 675 0098 92E0      		ldi r25,2
 676 009a 7907      		cpc r23,r25
 677 009c 00F0      		brlo .L29
  63:main.c        **** 			PORTD |= (1<<LED1);
 678               		.loc 3 63 0
 679 009e 589A      		sbi 0xb,0
  64:main.c        **** 		}
  65:main.c        **** 		else {
  66:main.c        **** 			PORTD &= ~(1<<LED1);
  67:main.c        **** 		}
  68:main.c        **** 		if (batteryVoltageLevel >= 710) {
 680               		.loc 3 68 0
 681 00a0 663C      		cpi r22,-58
 682 00a2 82E0      		ldi r24,2
 683 00a4 7807      		cpc r23,r24
 684 00a6 00F4      		brsh .L30
 685 00a8 00C0      		rjmp .L31
 686               	.L29:
  66:main.c        **** 		}
 687               		.loc 3 66 0
 688 00aa 5898      		cbi 0xb,0
 689 00ac 00C0      		rjmp .L31
 690               	.L30:
  69:main.c        **** 			PORTD |= (1<<LED2);
 691               		.loc 3 69 0
 692 00ae 599A      		sbi 0xb,1
  70:main.c        **** 		}
  71:main.c        **** 		else {
  72:main.c        **** 			PORTD &= ~(1<<LED2);
  73:main.c        **** 		}
  74:main.c        **** 		if (batteryVoltageLevel >= 727) {
 693               		.loc 3 74 0
 694 00b0 673D      		cpi r22,-41
 695 00b2 92E0      		ldi r25,2
 696 00b4 7907      		cpc r23,r25
 697 00b6 00F4      		brsh .L32
 698 00b8 00C0      		rjmp .L33
 699               	.L31:
  72:main.c        **** 		}
 700               		.loc 3 72 0
 701 00ba 5998      		cbi 0xb,1
 702 00bc 00C0      		rjmp .L33
 703               	.L32:
  75:main.c        **** 			PORTD |= (1<<LED3);
 704               		.loc 3 75 0
 705 00be 5A9A      		sbi 0xb,2
  76:main.c        **** 		}
  77:main.c        **** 		else {
  78:main.c        **** 			PORTD &= ~(1<<LED3);
  79:main.c        **** 		}
  80:main.c        **** 		
  81:main.c        **** 		// Blue
  82:main.c        **** 		if (batteryVoltageLevel >= 745) {
 706               		.loc 3 82 0
 707 00c0 693E      		cpi r22,-23
 708 00c2 82E0      		ldi r24,2
 709 00c4 7807      		cpc r23,r24
 710 00c6 00F4      		brsh .L34
 711 00c8 00C0      		rjmp .L35
 712               	.L33:
  78:main.c        **** 		}
 713               		.loc 3 78 0
 714 00ca 5A98      		cbi 0xb,2
 715 00cc 00C0      		rjmp .L35
 716               	.L34:
  83:main.c        **** 			PORTD |= (1<<LED4);
 717               		.loc 3 83 0
 718 00ce 5B9A      		sbi 0xb,3
  84:main.c        **** 		}
  85:main.c        **** 		else {
  86:main.c        **** 			PORTD &= ~(1<<LED4);
  87:main.c        **** 		}
  88:main.c        **** 		if (batteryVoltageLevel >= 762) {
 719               		.loc 3 88 0
 720 00d0 6A3F      		cpi r22,-6
 721 00d2 92E0      		ldi r25,2
 722 00d4 7907      		cpc r23,r25
 723 00d6 00F4      		brsh .L36
 724 00d8 00C0      		rjmp .L37
 725               	.L35:
  86:main.c        **** 		}
 726               		.loc 3 86 0
 727 00da 5B98      		cbi 0xb,3
 728 00dc 00C0      		rjmp .L37
 729               	.L36:
  89:main.c        **** 			PORTB |= (1<<LED5);
 730               		.loc 3 89 0
 731 00de 2F9A      		sbi 0x5,7
  90:main.c        **** 		}
  91:main.c        **** 		else {
  92:main.c        **** 			PORTB &= ~(1<<LED5);
  93:main.c        **** 		}
  94:main.c        **** 		if (batteryVoltageLevel >= 780) {
 732               		.loc 3 94 0
 733 00e0 6C30      		cpi r22,12
 734 00e2 83E0      		ldi r24,3
 735 00e4 7807      		cpc r23,r24
 736 00e6 00F4      		brsh .L38
 737 00e8 00C0      		rjmp .L39
 738               	.L37:
  92:main.c        **** 		}
 739               		.loc 3 92 0
 740 00ea 2F98      		cbi 0x5,7
 741 00ec 00C0      		rjmp .L39
 742               	.L38:
  95:main.c        **** 			PORTD |= (1<<LED6);
 743               		.loc 3 95 0
 744 00ee 5D9A      		sbi 0xb,5
  96:main.c        **** 		}
  97:main.c        **** 		else {
  98:main.c        **** 			PORTD &= ~(1<<LED6);
  99:main.c        **** 		}
 100:main.c        **** 		if (batteryVoltageLevel >= 797) {
 745               		.loc 3 100 0
 746 00f0 6D31      		cpi r22,29
 747 00f2 93E0      		ldi r25,3
 748 00f4 7907      		cpc r23,r25
 749 00f6 00F4      		brsh .L40
 750 00f8 00C0      		rjmp .L41
 751               	.L39:
  98:main.c        **** 		}
 752               		.loc 3 98 0
 753 00fa 5D98      		cbi 0xb,5
 754 00fc 00C0      		rjmp .L41
 755               	.L40:
 101:main.c        **** 			PORTD |= (1<<LED7);
 756               		.loc 3 101 0
 757 00fe 5E9A      		sbi 0xb,6
 102:main.c        **** 		}
 103:main.c        **** 		else {
 104:main.c        **** 			PORTD &= ~(1<<LED7);
 105:main.c        **** 		}
 106:main.c        **** 		
 107:main.c        **** 		// Green
 108:main.c        **** 		if (batteryVoltageLevel >= 815) {
 758               		.loc 3 108 0
 759 0100 6F32      		cpi r22,47
 760 0102 83E0      		ldi r24,3
 761 0104 7807      		cpc r23,r24
 762 0106 00F4      		brsh .L42
 763 0108 00C0      		rjmp .L43
 764               	.L41:
 104:main.c        **** 		}
 765               		.loc 3 104 0
 766 010a 5E98      		cbi 0xb,6
 767 010c 00C0      		rjmp .L43
 768               	.L42:
 109:main.c        **** 			PORTD |= (1<<LED8);
 769               		.loc 3 109 0
 770 010e 5F9A      		sbi 0xb,7
 110:main.c        **** 		}
 111:main.c        **** 		else {
 112:main.c        **** 			PORTD &= ~(1<<LED8);
 113:main.c        **** 		}
 114:main.c        **** 		if (batteryVoltageLevel >= 832) {
 771               		.loc 3 114 0
 772 0110 6034      		cpi r22,64
 773 0112 93E0      		ldi r25,3
 774 0114 7907      		cpc r23,r25
 775 0116 00F4      		brsh .L44
 776 0118 00C0      		rjmp .L45
 777               	.L43:
 112:main.c        **** 		}
 778               		.loc 3 112 0
 779 011a 5F98      		cbi 0xb,7
 780 011c 00C0      		rjmp .L45
 781               	.L44:
 115:main.c        **** 			PORTB |= (1<<LED9);
 782               		.loc 3 115 0
 783 011e 289A      		sbi 0x5,0
 116:main.c        **** 		}
 117:main.c        **** 		else {
 118:main.c        **** 			PORTB &= ~(1<<LED9);
 119:main.c        **** 		}
 120:main.c        **** 		if (batteryVoltageLevel >= 850) {
 784               		.loc 3 120 0
 785 0120 6235      		cpi r22,82
 786 0122 7340      		sbci r23,3
 787 0124 00F0      		brlo .L47
 121:main.c        **** 			PORTB |= (1<<LED10);
 788               		.loc 3 121 0
 789 0126 299A      		sbi 0x5,1
 790 0128 00C0      		rjmp .L48
 791               	.L45:
 118:main.c        **** 		}
 792               		.loc 3 118 0
 793 012a 2898      		cbi 0x5,0
 794               	.L47:
 122:main.c        **** 		}
 123:main.c        **** 		else {
 124:main.c        **** 			PORTB &= ~(1<<LED10);
 795               		.loc 3 124 0
 796 012c 2998      		cbi 0x5,1
 797               	.L48:
 125:main.c        **** 		}
 126:main.c        **** 		
 127:main.c        **** 		// Sleep for 1 second
 128:main.c        **** 		watchdog_sleep(T1S);
 798               		.loc 3 128 0
 799 012e 86E0      		ldi r24,lo8(6)
 800 0130 00D0      		rcall watchdog_sleep
 801               	.LVL45:
 802               	.LBE66:
 129:main.c        **** 	}
 803               		.loc 3 129 0
 804 0132 00C0      		rjmp .L49
 805               		.cfi_endproc
 806               	.LFE13:
 808               		.text
 809               	.global	__vector_16
 811               	__vector_16:
 812               	.LFB14:
 130:main.c        **** 	
 131:main.c        **** 	return 0;
 132:main.c        **** }
 133:main.c        **** 
 134:main.c        **** EMPTY_INTERRUPT(ADC_vect);
 813               		.loc 3 134 0
 814               		.cfi_startproc
 815               	/* prologue: naked */
 816               	/* frame size = 0 */
 817               	/* stack size = 0 */
 818               	.L__stack_usage = 0
 819               		.loc 3 134 0
 820               	/* #APP */
 821               	 ;  134 "main.c" 1
 822 01ee 1895      		reti
 823               	 ;  0 "" 2
 824               	/* epilogue start */
 825               	/* #NOAPP */
 826               		.cfi_endproc
 827               	.LFE14:
 829               	.global	__vector_7
 831               	__vector_7:
 832               	.LFB15:
 135:main.c        **** EMPTY_INTERRUPT(WDT_vect);
 833               		.loc 3 135 0
 834               		.cfi_startproc
 835               	/* prologue: naked */
 836               	/* frame size = 0 */
 837               	/* stack size = 0 */
 838               	.L__stack_usage = 0
 839               		.loc 3 135 0
 840               	/* #APP */
 841               	 ;  135 "main.c" 1
 842 01f0 1895      		reti
 843               	 ;  0 "" 2
 844               	/* epilogue start */
 845               	/* #NOAPP */
 846               		.cfi_endproc
 847               	.LFE15:
 849               	.global	__vector_5
 851               	__vector_5:
 852               	.LFB16:
 136:main.c        **** 
 137:main.c        **** ISR(PCINT2_vect) {
 853               		.loc 3 137 0
 854               		.cfi_startproc
 855 01f2 1F92      		push r1
 856               	.LCFI3:
 857               		.cfi_def_cfa_offset 3
 858               		.cfi_offset 1, -2
 859 01f4 0F92      		push r0
 860               	.LCFI4:
 861               		.cfi_def_cfa_offset 4
 862               		.cfi_offset 0, -3
 863 01f6 0FB6      		in r0,__SREG__
 864 01f8 0F92      		push r0
 865 01fa 1124      		clr __zero_reg__
 866 01fc 8F93      		push r24
 867               	.LCFI5:
 868               		.cfi_def_cfa_offset 5
 869               		.cfi_offset 24, -4
 870 01fe 9F93      		push r25
 871               	.LCFI6:
 872               		.cfi_def_cfa_offset 6
 873               		.cfi_offset 25, -5
 874               	/* prologue: Signal */
 875               	/* frame size = 0 */
 876               	/* stack size = 5 */
 877               	.L__stack_usage = 5
 878               	.LVL46:
 879               	.LBB67:
 880               	.LBB68:
 881               		.loc 2 187 0
 882 0200 8FE4      		ldi r24,lo8(-15537)
 883 0202 93EC      		ldi r25,hi8(-15537)
 884 0204 0197      	1:	sbiw r24,1
 885 0206 01F4      		brne 1b
 886 0208 00C0      		rjmp .
 887 020a 0000      		nop
 888               	.LVL47:
 889               	/* epilogue start */
 890               	.LBE68:
 891               	.LBE67:
 138:main.c        **** 	_delay_ms(200);
 139:main.c        **** }
 892               		.loc 3 139 0
 893 020c 9F91      		pop r25
 894 020e 8F91      		pop r24
 895 0210 0F90      		pop r0
 896 0212 0FBE      		out __SREG__,r0
 897 0214 0F90      		pop r0
 898 0216 1F90      		pop r1
 899 0218 1895      		reti
 900               		.cfi_endproc
 901               	.LFE16:
 903               	.Letext0:
 904               		.file 4 "/usr/lib/avr/include/stdint.h"
DEFINED SYMBOLS
                            *ABS*:0000000000000000 main.c
     /tmp/ccQhm4Zp.s:2      *ABS*:000000000000003e __SP_H__
     /tmp/ccQhm4Zp.s:3      *ABS*:000000000000003d __SP_L__
     /tmp/ccQhm4Zp.s:4      *ABS*:000000000000003f __SREG__
     /tmp/ccQhm4Zp.s:5      *ABS*:0000000000000000 __tmp_reg__
     /tmp/ccQhm4Zp.s:6      *ABS*:0000000000000001 __zero_reg__
     /tmp/ccQhm4Zp.s:12     .text:0000000000000000 system_sleep
     /tmp/ccQhm4Zp.s:45     .text:0000000000000018 setup_watchdog
     /tmp/ccQhm4Zp.s:104    .text:0000000000000046 turn_off_watchdog
     /tmp/ccQhm4Zp.s:146    .text:0000000000000060 watchdog_sleep
     /tmp/ccQhm4Zp.s:169    .text:0000000000000066 adc_read
     /tmp/ccQhm4Zp.s:220    .text:0000000000000094 animate_leds
     /tmp/ccQhm4Zp.s:487    .text:00000000000001ac setup
     /tmp/ccQhm4Zp.s:548    .text.startup:0000000000000000 main
     /tmp/ccQhm4Zp.s:811    .text:00000000000001ee __vector_16
     /tmp/ccQhm4Zp.s:831    .text:00000000000001f0 __vector_7
     /tmp/ccQhm4Zp.s:851    .text:00000000000001f2 __vector_5

UNDEFINED SYMBOLS
__udivmodhi4
